<?xml version="1.0" encoding="UTF-8"?>
<testng-results ignored="0" total="1" passed="1" failed="0" skipped="0">
  <reporter-output>
  </reporter-output>
  <suite started-at="2024-01-17T15:53:42 IST" name="Default suite" finished-at="2024-01-17T15:53:53 IST" duration-ms="11250">
    <groups>
    </groups>
    <test started-at="2024-01-17T15:53:42 IST" name="Default test" finished-at="2024-01-17T15:53:53 IST" duration-ms="11250">
      <class name="login.Login_Page">
        <test-method is-config="true" signature="LaunchBrowser()[pri:0, instance:login.Login_Page@909217e]" started-at="2024-01-17T15:53:42 IST" name="LaunchBrowser" finished-at="2024-01-17T15:53:53 IST" duration-ms="10712" status="PASS">
          <reporter-output>
          </reporter-output>
        </test-method> <!-- LaunchBrowser -->
        <test-method signature="Login()[pri:0, instance:login.Login_Page@909217e]" started-at="2024-01-17T15:53:53 IST" name="Login" finished-at="2024-01-17T15:53:53 IST" duration-ms="260" status="PASS">
          <reporter-output>
          </reporter-output>
        </test-method> <!-- Login -->
        <test-method is-config="true" signature="Submit()[pri:0, instance:login.Login_Page@909217e]" started-at="2024-01-17T15:53:53 IST" name="Submit" finished-at="2024-01-17T15:53:53 IST" duration-ms="179" status="PASS">
          <reporter-output>
          </reporter-output>
        </test-method> <!-- Submit -->
      </class> <!-- login.Login_Page -->
    </test> <!-- Default test -->
  </suite> <!-- Default suite -->
</testng-results>
